logging in
entering username!
logging in
entering username!
entering password
submitting
im in... now going to read our fans messages
done reading
logging out
done
logging in
entering username!
entering password
submitting
im in... now going to read our fans messages
done reading
logging out
done
logging in
entering username!
entering password
submitting
im in... now going to read our fans messages
done reading
logging out
done
logging in
entering username!
entering password
submitting
im in... now going to read our fans messages
done reading
logging out
done
logging in
entering username!
entering password
submitting
im in... now going to read our fans messages
done reading
logging out
done
logging in
entering username!
entering password
submitting
im in... now going to read our fans messages
done reading
logging out
done
logging in
entering username!
entering password
submitting
im in... now going to read our fans messages
done reading
logging out
done
logging in
entering username!
entering password
submitting
im in... now going to read our fans messages
done reading
logging out
done
logging in
entering username!
entering password
submitting
im in... now going to read our fans messages
done reading
logging out
done
logging in
entering username!
entering password
submitting
im in... now going to read our fans messages
done reading
logging out
done
